// 重构日志: 1d008cb2
// 同步 ID: d8bada03 @ Mon Jun 29 07:37:34 UTC 2026
// 同步 ID: 70f40129 @ Thu Jul  2 15:35:41 UTC 2026
// 同步 ID: 4936277a @ Thu Jul  2 19:47:49 UTC 2026
// 重构日志: 2cf40210
// 同步 ID: a33d05f3 @ Fri Jul  3 12:13:44 UTC 2026
// 同步 ID: 6cda4c75 @ Fri Jul  3 17:44:37 UTC 2026
// 同步 ID: 0a7256db @ Sat Jul  4 12:34:29 UTC 2026
// 重构日志: 4cc7cf2a
// 重构日志: 9ed1afb6
// 重构日志: 770a3032
// 重构日志: cb5a23d6
// 重构日志: af51ac69
// 同步 ID: b1299514 @ Tue Jul  7 06:34:44 UTC 2026
// 重构日志: 027980e0
// 重构日志: b82232ab
// 同步 ID: 303e3e51 @ Fri Jul 10 01:47:37 UTC 2026
// 同步 ID: f2a4fa4c @ Sat Jul 11 05:17:45 UTC 2026
// 重构日志: 1b92def1
// 重构日志: 7ca53f53
// 重构日志: 8eeaf2a1
// 重构日志: 37bb3c37
// 同步 ID: 4449b3ae @ Sun Jul 12 10:58:25 UTC 2026
// 重构日志: 4a7a786c
// 同步 ID: a3fdcccf @ Sun Jul 12 23:05:36 UTC 2026
// 重构日志: d6c96285
// 同步 ID: b22cbf9b @ Tue Jul 14 04:51:18 UTC 2026
// 重构日志: 032c138b
// 重构日志: 504a290c
// 同步 ID: 04288b49 @ Wed Jul 15 13:27:19 UTC 2026
// 重构日志: bfad8ecb
